This file contains any messages produced by compilers while
running configure, to aid debugging if configure makes a mistake.

It was created by configure, which was
generated by GNU Autoconf 2.63.  Invocation command line was

  $ ./configure --prefix=/opt/ttimes/

## --------- ##
## Platform. ##
## --------- ##

hostname = Think
uname -m = x86_64
uname -r = 3.19.0-15-generic
uname -s = Linux
uname -v = #15-Ubuntu SMP Thu Apr 16 23:32:37 UTC 2015

/usr/bin/uname -p = unknown
/bin/uname -X     = unknown

/bin/arch              = unknown
/usr/bin/arch -k       = unknown
/usr/convex/getsysinfo = unknown
/usr/bin/hostinfo      = unknown
/bin/machine           = unknown
/usr/bin/oslevel       = unknown
/bin/universe          = unknown

PATH: /opt/madagascar/bin
PATH: /opt/intel/compilers_and_libraries_2016.0.109/linux/bin/intel64
PATH: /opt/intel/compilers_and_libraries_2016.0.109/linux/mpi/intel64/bin
PATH: /opt/intel/debugger_2016/gdb/intel64_mic/bin
PATH: /opt/intel/advisor_xe_2016.1.0.423501/bin64
PATH: /opt/intel/inspector_xe_2016.1.0.423441/bin64
PATH: /opt/intel/vtune_amplifier_xe_2016.1.0.424694/bin64
PATH: /usr/local/sbin
PATH: /usr/local/bin
PATH: /usr/sbin
PATH: /usr/bin
PATH: /sbin
PATH: /bin
PATH: /usr/games
PATH: /usr/local/games
PATH: /opt/ccp
PATH: /opt/CPS/PROGRAMS.330/bin
PATH: /opt/GMT4/bin
PATH: /opt/hk1/bin
PATH: /opt/jre1.8.0_45/bin
PATH: /opt/Matlab2009/bin
PATH: //opt/SAC/bin
PATH: /opt/sublime
PATH: /opt/TeXLive2014/bin/x86_64-linux
PATH: /opt/ttimes/bin
PATH: /opt/rdseedv5.3.1/bin
PATH: /opt/pssac2_GMT4/bin
PATH: /opt/TauP/bin
PATH: /opt/Converter
PATH: /opt/passcal/bin
PATH: /home/sheng/ProgramSheng/Mylib/Seismic-Field-Works/bin
PATH: /home/sheng/ProgramSheng/Mylib/Seismic-Field-Works/script
PATH: /home/sheng/ProgramSheng/Mylib/AutoRF/bin
PATH: /home/sheng/ProgramSheng/Mylib/AutoRF/script
PATH: /home/sheng/FromLzw/DERFmulti_submit20090526_v2/src/bin
PATH: /home/sheng/FromLzw/pburglzw/src
PATH: .
PATH: /opt/cwp/bin
PATH: /home/sheng/ProgramSheng/Mylib/ASC9/bin


## ----------- ##
## Core tests. ##
## ----------- ##

configure:1849: checking for gfortran
configure:1865: found /usr/bin/gfortran
configure:1876: result: gfortran
configure:1902: checking for Fortran 77 compiler version
configure:1910: gfortran --version >&5
GNU Fortran (Ubuntu 4.9.2-10ubuntu13) 4.9.2
Copyright (C) 2014 Free Software Foundation, Inc.

GNU Fortran comes with NO WARRANTY, to the extent permitted by law.
You may redistribute copies of GNU Fortran
under the terms of the GNU General Public License.
For more information about these matters, see the file named COPYING

configure:1914: $? = 0
configure:1921: gfortran -v >&5
Using built-in specs.
COLLECT_GCC=gfortran
COLLECT_LTO_WRAPPER=/usr/lib/gcc/x86_64-linux-gnu/4.9/lto-wrapper
Target: x86_64-linux-gnu
Configured with: ../src/configure -v --with-pkgversion='Ubuntu 4.9.2-10ubuntu13' --with-bugurl=file:///usr/share/doc/gcc-4.9/README.Bugs --enable-languages=c,c++,java,go,d,fortran,objc,obj-c++ --prefix=/usr --program-suffix=-4.9 --enable-shared --enable-linker-build-id --libexecdir=/usr/lib --without-included-gettext --enable-threads=posix --with-gxx-include-dir=/usr/include/c++/4.9 --libdir=/usr/lib --enable-nls --with-sysroot=/ --enable-clocale=gnu --enable-libstdcxx-debug --enable-libstdcxx-time=yes --enable-gnu-unique-object --disable-vtable-verify --enable-plugin --with-system-zlib --disable-browser-plugin --enable-java-awt=gtk --enable-gtk-cairo --with-java-home=/usr/lib/jvm/java-1.5.0-gcj-4.9-amd64/jre --enable-java-home --with-jvm-root-dir=/usr/lib/jvm/java-1.5.0-gcj-4.9-amd64 --with-jvm-jar-dir=/usr/lib/jvm-exports/java-1.5.0-gcj-4.9-amd64 --with-arch-directory=amd64 --with-ecj-jar=/usr/share/java/eclipse-ecj.jar --enable-objc-gc --enable-multiarch --disable-werror --with-arch-32=i686 --with-abi=m64 --with-multilib-list=m32,m64,mx32 --enable-multilib --with-tune=generic --enable-checking=release --build=x86_64-linux-gnu --host=x86_64-linux-gnu --target=x86_64-linux-gnu
Thread model: posix
gcc version 4.9.2 (Ubuntu 4.9.2-10ubuntu13) 
configure:1925: $? = 0
configure:1932: gfortran -V >&5
gfortran: error: unrecognized command line option '-V'
gfortran: fatal error: no input files
compilation terminated.
configure:1936: $? = 4
configure:1950: checking for Fortran 77 compiler default output file name
configure:1972: gfortran   conftest.f  >&5
configure:1976: $? = 0
configure:2014: result: a.out
configure:2033: checking whether the Fortran 77 compiler works
configure:2043: ./a.out
configure:2047: $? = 0
configure:2066: result: yes
configure:2073: checking whether we are cross compiling
configure:2075: result: no
configure:2078: checking for suffix of executables
configure:2085: gfortran -o conftest   conftest.f  >&5
configure:2089: $? = 0
configure:2115: result: 
configure:2121: checking for suffix of object files
configure:2137: gfortran -c  conftest.f >&5
configure:2141: $? = 0
configure:2166: result: o
configure:2174: checking whether we are using the GNU Fortran 77 compiler
configure:2193: gfortran -c  conftest.F >&5
configure:2200: $? = 0
configure:2217: result: yes
configure:2223: checking whether gfortran accepts -g
configure:2240: gfortran -c -g conftest.f >&5
configure:2247: $? = 0
configure:2263: result: yes
configure:2306: checking for a BSD-compatible install
configure:2374: result: /usr/bin/install -c
configure:2390: checking how to get verbose linking output from gfortran
configure:2406: gfortran -c -g -O2 conftest.f >&5
configure:2413: $? = 0
configure:2435: gfortran -o conftest -g -O2 -v conftest.f
Using built-in specs.
Target: x86_64-linux-gnu
Configured with: ../src/configure -v --with-pkgversion='Ubuntu 4.9.2-10ubuntu13' --with-bugurl=file:///usr/share/doc/gcc-4.9/README.Bugs --enable-languages=c,c++,java,go,d,fortran,objc,obj-c++ --prefix=/usr --program-suffix=-4.9 --enable-shared --enable-linker-build-id --libexecdir=/usr/lib --without-included-gettext --enable-threads=posix --with-gxx-include-dir=/usr/include/c++/4.9 --libdir=/usr/lib --enable-nls --with-sysroot=/ --enable-clocale=gnu --enable-libstdcxx-debug --enable-libstdcxx-time=yes --enable-gnu-unique-object --disable-vtable-verify --enable-plugin --with-system-zlib --disable-browser-plugin --enable-java-awt=gtk --enable-gtk-cairo --with-java-home=/usr/lib/jvm/java-1.5.0-gcj-4.9-amd64/jre --enable-java-home --with-jvm-root-dir=/usr/lib/jvm/java-1.5.0-gcj-4.9-amd64 --with-jvm-jar-dir=/usr/lib/jvm-exports/java-1.5.0-gcj-4.9-amd64 --with-arch-directory=amd64 --with-ecj-jar=/usr/share/java/eclipse-ecj.jar --enable-objc-gc --enable-multiarch --disable-werror --with-arch-32=i686 --with-abi=m64 --with-multilib-list=m32,m64,mx32 --enable-multilib --with-tune=generic --enable-checking=release --build=x86_64-linux-gnu --host=x86_64-linux-gnu --target=x86_64-linux-gnu
Thread model: posix
gcc version 4.9.2 (Ubuntu 4.9.2-10ubuntu13) 
 /usr/lib/gcc/x86_64-linux-gnu/4.9/f951 conftest.f -ffixed-form -quiet -dumpbase conftest.f -mtune=generic -march=x86-64 -auxbase conftest -g -O2 -version -fintrinsic-modules-path /usr/lib/gcc/x86_64-linux-gnu/4.9/finclude -o /tmp/ccwCxRIb.s
GNU Fortran (Ubuntu 4.9.2-10ubuntu13) version 4.9.2 (x86_64-linux-gnu)
	compiled by GNU C version 4.9.2, GMP version 6.0.0, MPFR version 3.1.2-p11, MPC version 1.0.3
GGC heuristics: --param ggc-min-expand=100 --param ggc-min-heapsize=131072
GNU Fortran (Ubuntu 4.9.2-10ubuntu13) version 4.9.2 (x86_64-linux-gnu)
	compiled by GNU C version 4.9.2, GMP version 6.0.0, MPFR version 3.1.2-p11, MPC version 1.0.3
GGC heuristics: --param ggc-min-expand=100 --param ggc-min-heapsize=131072
 as -v --64 -o /tmp/cceofTd9.o /tmp/ccwCxRIb.s
GNU assembler version 2.25 (x86_64-linux-gnu) using BFD version (GNU Binutils for Ubuntu) 2.25
Reading specs from /usr/lib/gcc/x86_64-linux-gnu/4.9/libgfortran.spec
rename spec lib to liborig
 /usr/lib/gcc/x86_64-linux-gnu/4.9/collect2 -plugin /usr/lib/gcc/x86_64-linux-gnu/4.9/liblto_plugin.so -plugin-opt=/usr/lib/gcc/x86_64-linux-gnu/4.9/lto-wrapper -plugin-opt=-fresolution=/tmp/ccsBcEJ6.res -plugin-opt=-pass-through=-lgcc_s -plugin-opt=-pass-through=-lgcc -plugin-opt=-pass-through=-lquadmath -plugin-opt=-pass-through=-lm -plugin-opt=-pass-through=-lgcc_s -plugin-opt=-pass-through=-lgcc -plugin-opt=-pass-through=-lc -plugin-opt=-pass-through=-lgcc_s -plugin-opt=-pass-through=-lgcc --sysroot=/ --build-id --eh-frame-hdr -m elf_x86_64 --hash-style=gnu --as-needed -dynamic-linker /lib64/ld-linux-x86-64.so.2 -z relro -o conftest /usr/lib/gcc/x86_64-linux-gnu/4.9/../../../x86_64-linux-gnu/crt1.o /usr/lib/gcc/x86_64-linux-gnu/4.9/../../../x86_64-linux-gnu/crti.o /usr/lib/gcc/x86_64-linux-gnu/4.9/crtbegin.o -L/usr/lib/gcc/x86_64-linux-gnu/4.9 -L/usr/lib/gcc/x86_64-linux-gnu/4.9/../../../x86_64-linux-gnu -L/usr/lib/gcc/x86_64-linux-gnu/4.9/../../../../lib -L/lib/x86_64-linux-gnu -L/lib/../lib -L/usr/lib/x86_64-linux-gnu -L/usr/lib/../lib -L/opt/intel/compilers_and_libraries_2016.0.109/linux/ipp/../compiler/lib/intel64 -L/opt/intel/compilers_and_libraries_2016.0.109/linux/ipp/lib/intel64 -L/opt/intel/compilers_and_libraries_2016.0.109/linux/compiler/lib/intel64 -L/opt/intel/compilers_and_libraries_2016.0.109/linux/mkl/lib/intel64 -L/opt/intel/compilers_and_libraries_2016.0.109/linux/tbb/lib/intel64/gcc4.4 -L/opt/intel/compilers_and_libraries_2016.0.109/linux/daal/lib/intel64_lin -L/opt/intel/compilers_and_libraries_2016.0.109/linux/daal/../tbb/lib/intel64_lin/gcc4.4 -L/opt/intel/compilers_and_libraries_2016.0.109/linux/daal/../compiler/lib/intel64_lin -L/usr/lib/gcc/x86_64-linux-gnu/4.9/../../.. /tmp/cceofTd9.o -lgfortran -lm -lgcc_s -lgcc -lquadmath -lm -lgcc_s -lgcc -lc -lgcc_s -lgcc /usr/lib/gcc/x86_64-linux-gnu/4.9/crtend.o /usr/lib/gcc/x86_64-linux-gnu/4.9/../../../x86_64-linux-gnu/crtn.o
configure:2504: result: -v
configure:2506: checking for Fortran 77 libraries of gfortran
configure:2529: gfortran -o conftest -g -O2 -v conftest.f
Using built-in specs.
Target: x86_64-linux-gnu
Configured with: ../src/configure -v --with-pkgversion='Ubuntu 4.9.2-10ubuntu13' --with-bugurl=file:///usr/share/doc/gcc-4.9/README.Bugs --enable-languages=c,c++,java,go,d,fortran,objc,obj-c++ --prefix=/usr --program-suffix=-4.9 --enable-shared --enable-linker-build-id --libexecdir=/usr/lib --without-included-gettext --enable-threads=posix --with-gxx-include-dir=/usr/include/c++/4.9 --libdir=/usr/lib --enable-nls --with-sysroot=/ --enable-clocale=gnu --enable-libstdcxx-debug --enable-libstdcxx-time=yes --enable-gnu-unique-object --disable-vtable-verify --enable-plugin --with-system-zlib --disable-browser-plugin --enable-java-awt=gtk --enable-gtk-cairo --with-java-home=/usr/lib/jvm/java-1.5.0-gcj-4.9-amd64/jre --enable-java-home --with-jvm-root-dir=/usr/lib/jvm/java-1.5.0-gcj-4.9-amd64 --with-jvm-jar-dir=/usr/lib/jvm-exports/java-1.5.0-gcj-4.9-amd64 --with-arch-directory=amd64 --with-ecj-jar=/usr/share/java/eclipse-ecj.jar --enable-objc-gc --enable-multiarch --disable-werror --with-arch-32=i686 --with-abi=m64 --with-multilib-list=m32,m64,mx32 --enable-multilib --with-tune=generic --enable-checking=release --build=x86_64-linux-gnu --host=x86_64-linux-gnu --target=x86_64-linux-gnu
Thread model: posix
gcc version 4.9.2 (Ubuntu 4.9.2-10ubuntu13) 
 /usr/lib/gcc/x86_64-linux-gnu/4.9/f951 conftest.f -ffixed-form -quiet -dumpbase conftest.f -mtune=generic -march=x86-64 -auxbase conftest -g -O2 -version -fintrinsic-modules-path /usr/lib/gcc/x86_64-linux-gnu/4.9/finclude -o /tmp/cc7aWTne.s
GNU Fortran (Ubuntu 4.9.2-10ubuntu13) version 4.9.2 (x86_64-linux-gnu)
	compiled by GNU C version 4.9.2, GMP version 6.0.0, MPFR version 3.1.2-p11, MPC version 1.0.3
GGC heuristics: --param ggc-min-expand=100 --param ggc-min-heapsize=131072
GNU Fortran (Ubuntu 4.9.2-10ubuntu13) version 4.9.2 (x86_64-linux-gnu)
	compiled by GNU C version 4.9.2, GMP version 6.0.0, MPFR version 3.1.2-p11, MPC version 1.0.3
GGC heuristics: --param ggc-min-expand=100 --param ggc-min-heapsize=131072
 as -v --64 -o /tmp/cc0I2I1b.o /tmp/cc7aWTne.s
GNU assembler version 2.25 (x86_64-linux-gnu) using BFD version (GNU Binutils for Ubuntu) 2.25
Reading specs from /usr/lib/gcc/x86_64-linux-gnu/4.9/libgfortran.spec
rename spec lib to liborig
 /usr/lib/gcc/x86_64-linux-gnu/4.9/collect2 -plugin /usr/lib/gcc/x86_64-linux-gnu/4.9/liblto_plugin.so -plugin-opt=/usr/lib/gcc/x86_64-linux-gnu/4.9/lto-wrapper -plugin-opt=-fresolution=/tmp/ccKAEjG9.res -plugin-opt=-pass-through=-lgcc_s -plugin-opt=-pass-through=-lgcc -plugin-opt=-pass-through=-lquadmath -plugin-opt=-pass-through=-lm -plugin-opt=-pass-through=-lgcc_s -plugin-opt=-pass-through=-lgcc -plugin-opt=-pass-through=-lc -plugin-opt=-pass-through=-lgcc_s -plugin-opt=-pass-through=-lgcc --sysroot=/ --build-id --eh-frame-hdr -m elf_x86_64 --hash-style=gnu --as-needed -dynamic-linker /lib64/ld-linux-x86-64.so.2 -z relro -o conftest /usr/lib/gcc/x86_64-linux-gnu/4.9/../../../x86_64-linux-gnu/crt1.o /usr/lib/gcc/x86_64-linux-gnu/4.9/../../../x86_64-linux-gnu/crti.o /usr/lib/gcc/x86_64-linux-gnu/4.9/crtbegin.o -L/usr/lib/gcc/x86_64-linux-gnu/4.9 -L/usr/lib/gcc/x86_64-linux-gnu/4.9/../../../x86_64-linux-gnu -L/usr/lib/gcc/x86_64-linux-gnu/4.9/../../../../lib -L/lib/x86_64-linux-gnu -L/lib/../lib -L/usr/lib/x86_64-linux-gnu -L/usr/lib/../lib -L/opt/intel/compilers_and_libraries_2016.0.109/linux/ipp/../compiler/lib/intel64 -L/opt/intel/compilers_and_libraries_2016.0.109/linux/ipp/lib/intel64 -L/opt/intel/compilers_and_libraries_2016.0.109/linux/compiler/lib/intel64 -L/opt/intel/compilers_and_libraries_2016.0.109/linux/mkl/lib/intel64 -L/opt/intel/compilers_and_libraries_2016.0.109/linux/tbb/lib/intel64/gcc4.4 -L/opt/intel/compilers_and_libraries_2016.0.109/linux/daal/lib/intel64_lin -L/opt/intel/compilers_and_libraries_2016.0.109/linux/daal/../tbb/lib/intel64_lin/gcc4.4 -L/opt/intel/compilers_and_libraries_2016.0.109/linux/daal/../compiler/lib/intel64_lin -L/usr/lib/gcc/x86_64-linux-gnu/4.9/../../.. /tmp/cc0I2I1b.o -lgfortran -lm -lgcc_s -lgcc -lquadmath -lm -lgcc_s -lgcc -lc -lgcc_s -lgcc /usr/lib/gcc/x86_64-linux-gnu/4.9/crtend.o /usr/lib/gcc/x86_64-linux-gnu/4.9/../../../x86_64-linux-gnu/crtn.o
configure:2706: result:  -L/usr/lib/gcc/x86_64-linux-gnu/4.9 -L/usr/lib/gcc/x86_64-linux-gnu/4.9/../../../x86_64-linux-gnu -L/usr/lib/gcc/x86_64-linux-gnu/4.9/../../../../lib -L/lib/x86_64-linux-gnu -L/lib/../lib -L/usr/lib/x86_64-linux-gnu -L/usr/lib/../lib -L/opt/intel/compilers_and_libraries_2016.0.109/linux/ipp/../compiler/lib/intel64 -L/opt/intel/compilers_and_libraries_2016.0.109/linux/ipp/lib/intel64 -L/opt/intel/compilers_and_libraries_2016.0.109/linux/compiler/lib/intel64 -L/opt/intel/compilers_and_libraries_2016.0.109/linux/mkl/lib/intel64 -L/opt/intel/compilers_and_libraries_2016.0.109/linux/tbb/lib/intel64/gcc4.4 -L/opt/intel/compilers_and_libraries_2016.0.109/linux/daal/lib/intel64_lin -L/opt/intel/compilers_and_libraries_2016.0.109/linux/daal/../tbb/lib/intel64_lin/gcc4.4 -L/opt/intel/compilers_and_libraries_2016.0.109/linux/daal/../compiler/lib/intel64_lin -L/usr/lib/gcc/x86_64-linux-gnu/4.9/../../.. -lgfortran -lm -lquadmath
configure:2723: checking build system type
configure:2741: result: x86_64-unknown-linux-gnu
configure:2763: checking host system type
configure:2778: result: x86_64-unknown-linux-gnu
configure:2864: gfortran -c -c -fbounds-check conftest.f >&5
configure:2871: $? = 0
configure:2903: gfortran -c -g -feliminate-unused-debug-symbols conftest.f >&5
configure:2910: $? = 0
configure:3135: creating ./config.status

## ---------------------- ##
## Running config.status. ##
## ---------------------- ##

This file was extended by config.status, which was
generated by GNU Autoconf 2.63.  Invocation command line was

  CONFIG_FILES    = 
  CONFIG_HEADERS  = 
  CONFIG_LINKS    = 
  CONFIG_COMMANDS = 
  $ ./config.status 

on Think

config.status:666: creating limits.inc
config.status:666: creating Makefile
config.status:813: WARNING:  'Makefile.in' seems to ignore the --datarootdir setting

## ---------------- ##
## Cache variables. ##
## ---------------- ##

ac_cv_build=x86_64-unknown-linux-gnu
ac_cv_env_BINDIR_set=
ac_cv_env_BINDIR_value=
ac_cv_env_F77_set=
ac_cv_env_F77_value=
ac_cv_env_FFLAGS_set=
ac_cv_env_FFLAGS_value=
ac_cv_env_LDFLAGS_set=
ac_cv_env_LDFLAGS_value=
ac_cv_env_LIBDIR_set=
ac_cv_env_LIBDIR_value=
ac_cv_env_LIBS_set=
ac_cv_env_LIBS_value=
ac_cv_env_build_alias_set=
ac_cv_env_build_alias_value=
ac_cv_env_host_alias_set=
ac_cv_env_host_alias_value=
ac_cv_env_target_alias_set=
ac_cv_env_target_alias_value=
ac_cv_f77_compiler_gnu=yes
ac_cv_f77_libs=' -L/usr/lib/gcc/x86_64-linux-gnu/4.9 -L/usr/lib/gcc/x86_64-linux-gnu/4.9/../../../x86_64-linux-gnu -L/usr/lib/gcc/x86_64-linux-gnu/4.9/../../../../lib -L/lib/x86_64-linux-gnu -L/lib/../lib -L/usr/lib/x86_64-linux-gnu -L/usr/lib/../lib -L/opt/intel/compilers_and_libraries_2016.0.109/linux/ipp/../compiler/lib/intel64 -L/opt/intel/compilers_and_libraries_2016.0.109/linux/ipp/lib/intel64 -L/opt/intel/compilers_and_libraries_2016.0.109/linux/compiler/lib/intel64 -L/opt/intel/compilers_and_libraries_2016.0.109/linux/mkl/lib/intel64 -L/opt/intel/compilers_and_libraries_2016.0.109/linux/tbb/lib/intel64/gcc4.4 -L/opt/intel/compilers_and_libraries_2016.0.109/linux/daal/lib/intel64_lin -L/opt/intel/compilers_and_libraries_2016.0.109/linux/daal/../tbb/lib/intel64_lin/gcc4.4 -L/opt/intel/compilers_and_libraries_2016.0.109/linux/daal/../compiler/lib/intel64_lin -L/usr/lib/gcc/x86_64-linux-gnu/4.9/../../.. -lgfortran -lm -lquadmath'
ac_cv_host=x86_64-unknown-linux-gnu
ac_cv_objext=o
ac_cv_path_install='/usr/bin/install -c'
ac_cv_prog_ac_ct_F77=gfortran
ac_cv_prog_f77_g=yes
ac_cv_prog_f77_v=-v

## ----------------- ##
## Output variables. ##
## ----------------- ##

ADD_FFLAGS=' '
BINDIR=''
DEFS='-DPACKAGE_NAME=\"\" -DPACKAGE_TARNAME=\"\" -DPACKAGE_VERSION=\"\" -DPACKAGE_STRING=\"\" -DPACKAGE_BUGREPORT=\"\"'
ECHO_C=''
ECHO_N='-n'
ECHO_T=''
EXEEXT=''
F77='gfortran'
FFLAGS=' '
FLIBS=' -L/usr/lib/gcc/x86_64-linux-gnu/4.9 -L/usr/lib/gcc/x86_64-linux-gnu/4.9/../../../x86_64-linux-gnu -L/usr/lib/gcc/x86_64-linux-gnu/4.9/../../../../lib -L/lib/x86_64-linux-gnu -L/lib/../lib -L/usr/lib/x86_64-linux-gnu -L/usr/lib/../lib -L/opt/intel/compilers_and_libraries_2016.0.109/linux/ipp/../compiler/lib/intel64 -L/opt/intel/compilers_and_libraries_2016.0.109/linux/ipp/lib/intel64 -L/opt/intel/compilers_and_libraries_2016.0.109/linux/compiler/lib/intel64 -L/opt/intel/compilers_and_libraries_2016.0.109/linux/mkl/lib/intel64 -L/opt/intel/compilers_and_libraries_2016.0.109/linux/tbb/lib/intel64/gcc4.4 -L/opt/intel/compilers_and_libraries_2016.0.109/linux/daal/lib/intel64_lin -L/opt/intel/compilers_and_libraries_2016.0.109/linux/daal/../tbb/lib/intel64_lin/gcc4.4 -L/opt/intel/compilers_and_libraries_2016.0.109/linux/daal/../compiler/lib/intel64_lin -L/usr/lib/gcc/x86_64-linux-gnu/4.9/../../.. -lgfortran -lm -lquadmath'
INSTALL_DATA='${INSTALL} -m 644'
INSTALL_PROGRAM='${INSTALL}'
INSTALL_SCRIPT='${INSTALL}'
JBRN='150'
JOUT='3350'
JSEG='40'
LDFLAGS=''
LIBDIR='${exec_prefix}/lib'
LIBOBJS=''
LIBS=' '
LTLIBOBJS=''
NOPT='1'
OBJEXT='o'
PACKAGE_BUGREPORT=''
PACKAGE_NAME=''
PACKAGE_STRING=''
PACKAGE_TARNAME=''
PACKAGE_VERSION=''
PATH_SEPARATOR=':'
SHELL='/bin/bash'
ac_ct_F77='gfortran'
bindir='${exec_prefix}/bin'
build='x86_64-unknown-linux-gnu'
build_alias=''
build_cpu='x86_64'
build_os='linux-gnu'
build_vendor='unknown'
datadir='${datarootdir}'
datarootdir='${prefix}/share'
docdir='${datarootdir}/doc/${PACKAGE}'
dvidir='${docdir}'
exec_prefix='${prefix}'
host='x86_64-unknown-linux-gnu'
host_alias=''
host_cpu='x86_64'
host_os='linux-gnu'
host_vendor='unknown'
htmldir='${docdir}'
includedir='${prefix}/include'
infodir='${datarootdir}/info'
libdir='${exec_prefix}/lib'
libexecdir='${exec_prefix}/libexec'
localedir='${datarootdir}/locale'
localstatedir='${prefix}/var'
mandir='${datarootdir}/man'
oldincludedir='/usr/include'
pdfdir='${docdir}'
prefix='/opt/ttimes'
program_transform_name='s,x,x,'
psdir='${docdir}'
sbindir='${exec_prefix}/sbin'
sharedstatedir='${prefix}/com'
sysconfdir='${prefix}/etc'
target_alias=''

## ----------- ##
## confdefs.h. ##
## ----------- ##

#define PACKAGE_NAME ""
#define PACKAGE_TARNAME ""
#define PACKAGE_VERSION ""
#define PACKAGE_STRING ""
#define PACKAGE_BUGREPORT ""

configure: exit 0
